[1750852434] === DAMPED SINE RESPONSE TRAINING START ===
[1750852434] Initializing LinOSS model - D_MODEL: 32, N_LAYERS: 3
[1750852434] LinOSS model initialized
[1750852434] Initializing dLinOSS model
[1750852434] dLinOSS model initialized
[1750852434] Creating app state and computing initial output
[1750852434] Initial model output computed
[1750852434] === TRAIN STEP 0 (Model: dLinOSS) ===
[1750852434] Input: sum=1.000000, min=0.000000, max=1.000000
[1750852434] Target: sum=0.963500, min=-0.311650, max=0.429276
[1750852435] E0: Out sum=-27.585, range=[-0.313, -0.062], Loss=0.092259
[1750852435] dLinOSS Loss: 0.09225854
[1750852435] Target: sum=0.963500, min=-0.311650, max=0.429276
[1750852435] E1: Out sum=-21.308, range=[-0.249, -0.037], Loss=0.060625
[1750852435] dLinOSS Loss: 0.06062458
[1750852436] Target: sum=0.963500, min=-0.311650, max=0.429276
[1750852436] E2: Out sum=-15.094, range=[-0.185, -0.012], Loss=0.037176
[1750852436] dLinOSS Loss: 0.03717631
[1750852436] Target: sum=0.963500, min=-0.311650, max=0.429276
[1750852437] E3: Out sum=-9.053, range=[-0.122, 0.013], Loss=0.021884
[1750852437] dLinOSS Loss: 0.02188371
[1750852437] Target: sum=0.963500, min=-0.311650, max=0.429276
[1750852437] E4: Out sum=-3.349, range=[-0.063, 0.037], Loss=0.014224
[1750852437] dLinOSS Loss: 0.01422439
[1750852438] Target: sum=0.963500, min=-0.311650, max=0.429276
[1750852438] E5: Out sum=1.789, range=[-0.018, 0.059], Loss=0.012947
[1750852438] dLinOSS Loss: 0.01294689
[1750852438] Target: sum=0.963500, min=-0.311650, max=0.429276
[1750852439] E6: Out sum=6.086, range=[0.017, 0.104], Loss=0.015941
[1750852439] dLinOSS Loss: 0.01594143
[1750852439] Target: sum=0.963500, min=-0.311650, max=0.429276
[1750852439] E7: Out sum=9.305, range=[0.044, 0.136], Loss=0.020564
[1750852439] dLinOSS Loss: 0.02056380
[1750852440] Target: sum=0.963500, min=-0.311650, max=0.429276
[1750852440] E8: Out sum=11.342, range=[0.063, 0.156], Loss=0.024479
[1750852440] dLinOSS Loss: 0.02447928
[1750852441] Target: sum=0.963500, min=-0.311650, max=0.429276
[1750852441] E9: Out sum=12.254, range=[0.075, 0.164], Loss=0.026380
[1750852441] dLinOSS Loss: 0.02637986
[1750852441] === TRAIN STEP 10 (Model: dLinOSS) ===
[1750852441] Input: sum=1.000000, min=0.000000, max=1.000000
[1750852441] Target: sum=0.963500, min=-0.311650, max=0.429276
[1750852441] E10: Out sum=12.196, range=[0.081, 0.162], Loss=0.026036
[1750852441] dLinOSS Loss: 0.02603600
[1750852442] Target: sum=0.963500, min=-0.311650, max=0.429276
[1750852442] E11: Out sum=11.360, range=[0.081, 0.152], Loss=0.023921
[1750852442] dLinOSS Loss: 0.02392113
[1750852443] Target: sum=0.963500, min=-0.311650, max=0.429276
[1750852443] E12: Out sum=9.934, range=[0.073, 0.135], Loss=0.020806
[1750852443] dLinOSS Loss: 0.02080622
[1750852443] Target: sum=0.963500, min=-0.311650, max=0.429276
[1750852444] E13: Out sum=8.095, range=[0.054, 0.131], Loss=0.017480
[1750852444] dLinOSS Loss: 0.01748032
[1750852444] Target: sum=0.963500, min=-0.311650, max=0.429276
[1750852444] E14: Out sum=6.004, range=[0.031, 0.130], Loss=0.014588
[1750852444] dLinOSS Loss: 0.01458787
[1750852445] Target: sum=0.963500, min=-0.311650, max=0.429276
[1750852445] E15: Out sum=3.810, range=[0.008, 0.128], Loss=0.012547
[1750852445] dLinOSS Loss: 0.01254667
[1750852445] Target: sum=0.963500, min=-0.311650, max=0.429276
[1750852446] E16: Out sum=1.650, range=[-0.014, 0.126], Loss=0.011520
[1750852446] dLinOSS Loss: 0.01152033
[1750852446] Target: sum=0.963500, min=-0.311650, max=0.429276
[1750852446] E17: Out sum=-0.355, range=[-0.036, 0.124], Loss=0.011435
[1750852446] dLinOSS Loss: 0.01143496
[1750852447] Target: sum=0.963500, min=-0.311650, max=0.429276
[1750852447] E18: Out sum=-2.098, range=[-0.054, 0.123], Loss=0.012035
[1750852447] dLinOSS Loss: 0.01203489
[1750852448] Target: sum=0.963500, min=-0.311650, max=0.429276
[1750852448] E19: Out sum=-3.500, range=[-0.068, 0.123], Loss=0.012968
[1750852448] dLinOSS Loss: 0.01296757
[1750852448] === TRAIN STEP 20 (Model: dLinOSS) ===
[1750852448] Input: sum=1.000000, min=0.000000, max=1.000000
[1750852448] Target: sum=0.963500, min=-0.311650, max=0.429276
[1750852448] E20: Out sum=-4.507, range=[-0.079, 0.125], Loss=0.013879
[1750852448] dLinOSS Loss: 0.01387851
[1750852449] Target: sum=0.963500, min=-0.311650, max=0.429276
[1750852449] E21: Out sum=-5.095, range=[-0.085, 0.127], Loss=0.014493
[1750852449] dLinOSS Loss: 0.01449255
[1750852450] Target: sum=0.963500, min=-0.311650, max=0.429276
[1750852450] E22: Out sum=-5.271, range=[-0.087, 0.131], Loss=0.014661
[1750852450] dLinOSS Loss: 0.01466124
[1750852450] Target: sum=0.963500, min=-0.311650, max=0.429276
[1750852451] E23: Out sum=-5.062, range=[-0.084, 0.137], Loss=0.014371
[1750852451] dLinOSS Loss: 0.01437134
[1750852451] Target: sum=0.963500, min=-0.311650, max=0.429276
[1750852451] E24: Out sum=-4.519, range=[-0.078, 0.143], Loss=0.013720
[1750852451] dLinOSS Loss: 0.01372043
[1750852452] Target: sum=0.963500, min=-0.311650, max=0.429276
[1750852452] E25: Out sum=-3.704, range=[-0.070, 0.151], Loss=0.012874
[1750852452] dLinOSS Loss: 0.01287353
[1750852453] Target: sum=0.963500, min=-0.311650, max=0.429276
[1750852453] E26: Out sum=-2.689, range=[-0.059, 0.159], Loss=0.012014
[1750852453] dLinOSS Loss: 0.01201432
[1750852453] Target: sum=0.963500, min=-0.311650, max=0.429276
[1750852453] E27: Out sum=-1.551, range=[-0.047, 0.167], Loss=0.011302
[1750852453] dLinOSS Loss: 0.01130175
[1750852454] Target: sum=0.963500, min=-0.311650, max=0.429276
[1750852454] E28: Out sum=-0.368, range=[-0.034, 0.175], Loss=0.010839
[1750852454] dLinOSS Loss: 0.01083872
[1750852455] Target: sum=0.963500, min=-0.311650, max=0.429276
[1750852455] E29: Out sum=0.783, range=[-0.022, 0.183], Loss=0.010657
[1750852455] dLinOSS Loss: 0.01065717
[1750852455] === TRAIN STEP 30 (Model: dLinOSS) ===
[1750852455] Input: sum=1.000000, min=0.000000, max=1.000000
[1750852455] Target: sum=0.963500, min=-0.311650, max=0.429276
[1750852456] E30: Out sum=1.833, range=[-0.011, 0.191], Loss=0.010721
[1750852456] dLinOSS Loss: 0.01072059
[1750852456] Target: sum=0.963500, min=-0.311650, max=0.429276
[1750852456] E31: Out sum=2.722, range=[-0.001, 0.198], Loss=0.010942
[1750852456] dLinOSS Loss: 0.01094181
[1750852457] Target: sum=0.963500, min=-0.311650, max=0.429276
[1750852457] E32: Out sum=3.406, range=[0.006, 0.204], Loss=0.011211
[1750852457] dLinOSS Loss: 0.01121108
[1750852457] Target: sum=0.963500, min=-0.311650, max=0.429276
[1750852458] E33: Out sum=3.855, range=[0.011, 0.208], Loss=0.011426
[1750852458] dLinOSS Loss: 0.01142632
[1750852458] Target: sum=0.963500, min=-0.311650, max=0.429276
[1750852458] E34: Out sum=4.060, range=[0.014, 0.212], Loss=0.011518
[1750852458] dLinOSS Loss: 0.01151756
[1750852459] Target: sum=0.963500, min=-0.311650, max=0.429276
[1750852459] E35: Out sum=4.027, range=[0.014, 0.215], Loss=0.011460
[1750852459] dLinOSS Loss: 0.01145958
[1750852460] Target: sum=0.963500, min=-0.311650, max=0.429276
[1750852460] E36: Out sum=3.779, range=[0.012, 0.216], Loss=0.011271
[1750852460] dLinOSS Loss: 0.01127125
[1750852460] Target: sum=0.963500, min=-0.311650, max=0.429276
[1750852460] E37: Out sum=3.352, range=[0.007, 0.217], Loss=0.011003
[1750852460] dLinOSS Loss: 0.01100335
[1750852461] Target: sum=0.963500, min=-0.311650, max=0.429276
[1750852461] E38: Out sum=2.789, range=[0.002, 0.217], Loss=0.010720
[1750852461] dLinOSS Loss: 0.01072036
[1750852462] Target: sum=0.963500, min=-0.311650, max=0.429276
[1750852462] E39: Out sum=2.142, range=[-0.004, 0.217], Loss=0.010482
[1750852462] dLinOSS Loss: 0.01048152
[1750852462] === TRAIN STEP 40 (Model: dLinOSS) ===
[1750852462] Input: sum=1.000000, min=0.000000, max=1.000000
[1750852462] Target: sum=0.963500, min=-0.311650, max=0.429276
[1750852462] E40: Out sum=1.463, range=[-0.011, 0.217], Loss=0.010326
[1750852462] dLinOSS Loss: 0.01032611
[1750852463] Target: sum=0.963500, min=-0.311650, max=0.429276
[1750852463] E41: Out sum=0.803, range=[-0.017, 0.216], Loss=0.010266
[1750852463] dLinOSS Loss: 0.01026619
[1750852464] Target: sum=0.963500, min=-0.311650, max=0.429276
[1750852464] E42: Out sum=0.208, range=[-0.023, 0.216], Loss=0.010287
[1750852464] dLinOSS Loss: 0.01028747
[1750852464] Target: sum=0.963500, min=-0.311650, max=0.429276
[1750852464] E43: Out sum=-0.284, range=[-0.028, 0.216], Loss=0.010357
[1750852464] dLinOSS Loss: 0.01035709
[1750852465] Target: sum=0.963500, min=-0.311650, max=0.429276
[1750852465] E44: Out sum=-0.645, range=[-0.031, 0.217], Loss=0.010435
[1750852465] dLinOSS Loss: 0.01043532
[1750852465] Target: sum=0.963500, min=-0.311650, max=0.429276
[1750852466] E45: Out sum=-0.860, range=[-0.033, 0.218], Loss=0.010487
[1750852466] dLinOSS Loss: 0.01048740
[1750852466] Target: sum=0.963500, min=-0.311650, max=0.429276
[1750852466] E46: Out sum=-0.925, range=[-0.034, 0.220], Loss=0.010492
[1750852466] dLinOSS Loss: 0.01049240
[1750852467] Target: sum=0.963500, min=-0.311650, max=0.429276
[1750852467] E47: Out sum=-0.846, range=[-0.033, 0.222], Loss=0.010447
[1750852467] dLinOSS Loss: 0.01044675
[1750852467] Target: sum=0.963500, min=-0.311650, max=0.429276
[1750852468] E48: Out sum=-0.643, range=[-0.030, 0.224], Loss=0.010363
[1750852468] dLinOSS Loss: 0.01036253
[1750852468] Target: sum=0.963500, min=-0.311650, max=0.429276
[1750852468] E49: Out sum=-0.339, range=[-0.028, 0.227], Loss=0.010262
[1750852468] dLinOSS Loss: 0.01026150
[1750852469] === TRAIN STEP 50 (Model: dLinOSS) ===
[1750852469] Input: sum=1.000000, min=0.000000, max=1.000000
[1750852469] Target: sum=0.963500, min=-0.311650, max=0.429276
[1750852469] E50: Out sum=0.033, range=[-0.025, 0.231], Loss=0.010167
[1750852469] dLinOSS Loss: 0.01016730
[1750852470] Target: sum=0.963500, min=-0.311650, max=0.429276
[1750852470] E51: Out sum=0.438, range=[-0.022, 0.234], Loss=0.010098
[1750852470] dLinOSS Loss: 0.01009832
[1750852470] Target: sum=0.963500, min=-0.311650, max=0.429276
[1750852470] E52: Out sum=0.842, range=[-0.019, 0.237], Loss=0.010063
[1750852470] dLinOSS Loss: 0.01006303
[1750852471] Target: sum=0.963500, min=-0.311650, max=0.429276
[1750852471] E53: Out sum=1.214, range=[-0.016, 0.241], Loss=0.010059
[1750852471] dLinOSS Loss: 0.01005904
[1750852472] Target: sum=0.963500, min=-0.311650, max=0.429276
[1750852472] E54: Out sum=1.526, range=[-0.014, 0.243], Loss=0.010075
[1750852472] dLinOSS Loss: 0.01007542
[1750852472] Target: sum=0.963500, min=-0.311650, max=0.429276
[1750852473] E55: Out sum=1.758, range=[-0.012, 0.246], Loss=0.010097
[1750852473] dLinOSS Loss: 0.01009724
[1750852473] Target: sum=0.963500, min=-0.311650, max=0.429276
[1750852473] E56: Out sum=1.898, range=[-0.012, 0.248], Loss=0.010111
[1750852473] dLinOSS Loss: 0.01011079
[1750852474] Target: sum=0.963500, min=-0.311650, max=0.429276
[1750852474] E57: Out sum=1.941, range=[-0.012, 0.250], Loss=0.010108
[1750852474] dLinOSS Loss: 0.01010753
[1750852475] Target: sum=0.963500, min=-0.311650, max=0.429276
[1750852475] E58: Out sum=1.894, range=[-0.014, 0.251], Loss=0.010086
[1750852475] dLinOSS Loss: 0.01008588
[1750852475] Target: sum=0.963500, min=-0.311650, max=0.429276
[1750852475] E59: Out sum=1.767, range=[-0.016, 0.252], Loss=0.010051
[1750852475] dLinOSS Loss: 0.01005059
[1750852476] === TRAIN STEP 60 (Model: dLinOSS) ===
[1750852476] Input: sum=1.000000, min=0.000000, max=1.000000
[1750852476] Target: sum=0.963500, min=-0.311650, max=0.429276
[1750852476] E60: Out sum=1.579, range=[-0.019, 0.253], Loss=0.010010
[1750852476] dLinOSS Loss: 0.01001023
[1750852477] Target: sum=0.963500, min=-0.311650, max=0.429276
[1750852477] E61: Out sum=1.351, range=[-0.022, 0.254], Loss=0.009974
[1750852477] dLinOSS Loss: 0.00997377
[1750852477] Target: sum=0.963500, min=-0.311650, max=0.429276
[1750852478] E62: Out sum=1.105, range=[-0.025, 0.254], Loss=0.009948
[1750852478] dLinOSS Loss: 0.00994768
[1750852478] Target: sum=0.963500, min=-0.311650, max=0.429276
[1750852478] E63: Out sum=0.866, range=[-0.028, 0.255], Loss=0.009934
[1750852478] dLinOSS Loss: 0.00993420
[1750852479] Target: sum=0.963500, min=-0.311650, max=0.429276
[1750852479] E64: Out sum=0.654, range=[-0.031, 0.255], Loss=0.009931
[1750852479] dLinOSS Loss: 0.00993129
[1750852479] Target: sum=0.963500, min=-0.311650, max=0.429276
[1750852480] E65: Out sum=0.484, range=[-0.033, 0.256], Loss=0.009934
[1750852480] dLinOSS Loss: 0.00993400
[1750852480] Target: sum=0.963500, min=-0.311650, max=0.429276
[1750852480] E66: Out sum=0.370, range=[-0.035, 0.257], Loss=0.009937
[1750852480] dLinOSS Loss: 0.00993653
[1750852481] Target: sum=0.963500, min=-0.311650, max=0.429276
[1750852481] E67: Out sum=0.315, range=[-0.036, 0.258], Loss=0.009934
[1750852481] dLinOSS Loss: 0.00993431
[1750852482] Target: sum=0.963500, min=-0.311650, max=0.429276
[1750852482] E68: Out sum=0.321, range=[-0.036, 0.260], Loss=0.009925
[1750852482] dLinOSS Loss: 0.00992530
[1750852482] Target: sum=0.963500, min=-0.311650, max=0.429276
[1750852482] E69: Out sum=0.381, range=[-0.036, 0.261], Loss=0.009910
[1750852482] dLinOSS Loss: 0.00991025
[1750852483] === TRAIN STEP 70 (Model: dLinOSS) ===
[1750852483] Input: sum=1.000000, min=0.000000, max=1.000000
[1750852483] Target: sum=0.963500, min=-0.311650, max=0.429276
[1750852483] E70: Out sum=0.486, range=[-0.035, 0.263], Loss=0.009892
[1750852483] dLinOSS Loss: 0.00989198
[1750852484] Target: sum=0.963500, min=-0.311650, max=0.429276
[1750852484] E71: Out sum=0.622, range=[-0.034, 0.265], Loss=0.009874
[1750852484] dLinOSS Loss: 0.00987410
[1750852484] Target: sum=0.963500, min=-0.311650, max=0.429276
[1750852484] E72: Out sum=0.774, range=[-0.032, 0.267], Loss=0.009860
[1750852484] dLinOSS Loss: 0.00985961
[1750852485] Target: sum=0.963500, min=-0.311650, max=0.429276
[1750852485] E73: Out sum=0.927, range=[-0.031, 0.269], Loss=0.009850
[1750852485] dLinOSS Loss: 0.00984996
[1750852486] Target: sum=0.963500, min=-0.311650, max=0.429276
[1750852486] E74: Out sum=1.066, range=[-0.030, 0.271], Loss=0.009845
[1750852486] dLinOSS Loss: 0.00984481
[1750852486] Target: sum=0.963500, min=-0.311650, max=0.429276
[1750852487] E75: Out sum=1.179, range=[-0.029, 0.273], Loss=0.009842
[1750852487] dLinOSS Loss: 0.00984244
[1750852487] Target: sum=0.963500, min=-0.311650, max=0.429276
[1750852487] E76: Out sum=1.259, range=[-0.029, 0.274], Loss=0.009841
[1750852487] dLinOSS Loss: 0.00984057
[1750852488] Target: sum=0.963500, min=-0.311650, max=0.429276
[1750852488] E77: Out sum=1.300, range=[-0.029, 0.276], Loss=0.009837
[1750852488] dLinOSS Loss: 0.00983726
[1750852489] Target: sum=0.963500, min=-0.311650, max=0.429276
[1750852489] E78: Out sum=1.303, range=[-0.029, 0.277], Loss=0.009832
[1750852489] dLinOSS Loss: 0.00983156
[1750852489] Target: sum=0.963500, min=-0.311650, max=0.429276
[1750852489] E79: Out sum=1.270, range=[-0.029, 0.278], Loss=0.009824
[1750852489] dLinOSS Loss: 0.00982364
[1750852490] === TRAIN STEP 80 (Model: dLinOSS) ===
[1750852490] Input: sum=1.000000, min=0.000000, max=1.000000
[1750852490] Target: sum=0.963500, min=-0.311650, max=0.429276
[1750852490] E80: Out sum=1.209, range=[-0.030, 0.279], Loss=0.009815
[1750852490] dLinOSS Loss: 0.00981461
[1750852491] Target: sum=0.963500, min=-0.311650, max=0.429276
[1750852491] E81: Out sum=1.127, range=[-0.031, 0.279], Loss=0.009806
[1750852491] dLinOSS Loss: 0.00980587
[1750852491] Target: sum=0.963500, min=-0.311650, max=0.429276
[1750852491] E82: Out sum=1.035, range=[-0.032, 0.280], Loss=0.009799
[1750852491] dLinOSS Loss: 0.00979860
[1750852492] Target: sum=0.963500, min=-0.311650, max=0.429276
[1750852492] E83: Out sum=0.943, range=[-0.034, 0.281], Loss=0.009793
[1750852492] dLinOSS Loss: 0.00979335
[1750852493] Target: sum=0.963500, min=-0.311650, max=0.429276
[1750852493] E84: Out sum=0.860, range=[-0.035, 0.281], Loss=0.009790
[1750852493] dLinOSS Loss: 0.00978994
[1750852493] Target: sum=0.963500, min=-0.311650, max=0.429276
[1750852494] E85: Out sum=0.795, range=[-0.036, 0.282], Loss=0.009788
[1750852494] dLinOSS Loss: 0.00978761
[1750852494] Target: sum=0.963500, min=-0.311650, max=0.429276
[1750852494] E86: Out sum=0.752, range=[-0.036, 0.283], Loss=0.009785
[1750852494] dLinOSS Loss: 0.00978545
[1750852495] Target: sum=0.963500, min=-0.311650, max=0.429276
[1750852495] E87: Out sum=0.733, range=[-0.037, 0.284], Loss=0.009783
[1750852495] dLinOSS Loss: 0.00978275
[1750852495] Target: sum=0.963500, min=-0.311650, max=0.429276
[1750852496] E88: Out sum=0.739, range=[-0.037, 0.285], Loss=0.009779
[1750852496] dLinOSS Loss: 0.00977919
[1750852496] Target: sum=0.963500, min=-0.311650, max=0.429276
[1750852496] E89: Out sum=0.767, range=[-0.037, 0.286], Loss=0.009775
[1750852496] dLinOSS Loss: 0.00977496
[1750852497] === TRAIN STEP 90 (Model: dLinOSS) ===
[1750852497] Input: sum=1.000000, min=0.000000, max=1.000000
[1750852497] Target: sum=0.963500, min=-0.311650, max=0.429276
[1750852497] E90: Out sum=0.813, range=[-0.036, 0.287], Loss=0.009771
[1750852497] dLinOSS Loss: 0.00977052
[1750852498] Target: sum=0.963500, min=-0.311650, max=0.429276
[1750852498] E91: Out sum=0.869, range=[-0.036, 0.288], Loss=0.009766
[1750852498] dLinOSS Loss: 0.00976644
[1750852498] Target: sum=0.963500, min=-0.311650, max=0.429276
[1750852498] E92: Out sum=0.929, range=[-0.036, 0.289], Loss=0.009763
[1750852498] dLinOSS Loss: 0.00976311
[1750852499] Target: sum=0.963500, min=-0.311650, max=0.429276
[1750852499] E93: Out sum=0.987, range=[-0.035, 0.290], Loss=0.009761
[1750852499] dLinOSS Loss: 0.00976063
[1750852500] Target: sum=0.963500, min=-0.311650, max=0.429276
[1750852500] E94: Out sum=1.037, range=[-0.035, 0.291], Loss=0.009759
[1750852500] dLinOSS Loss: 0.00975883
[1750852500] Target: sum=0.963500, min=-0.311650, max=0.429276
[1750852501] E95: Out sum=1.074, range=[-0.035, 0.291], Loss=0.009757
[1750852501] dLinOSS Loss: 0.00975734
[1750852501] Target: sum=0.963500, min=-0.311650, max=0.429276
[1750852501] E96: Out sum=1.096, range=[-0.035, 0.292], Loss=0.009756
[1750852501] dLinOSS Loss: 0.00975581
[1750852502] Target: sum=0.963500, min=-0.311650, max=0.429276
[1750852502] E97: Out sum=1.101, range=[-0.035, 0.293], Loss=0.009754
[1750852502] dLinOSS Loss: 0.00975401
[1750852502] Target: sum=0.963500, min=-0.311650, max=0.429276
[1750852503] E98: Out sum=1.091, range=[-0.035, 0.293], Loss=0.009752
[1750852503] dLinOSS Loss: 0.00975190
[1750852503] Target: sum=0.963500, min=-0.311650, max=0.429276
[1750852503] E99: Out sum=1.069, range=[-0.036, 0.294], Loss=0.009750
[1750852503] dLinOSS Loss: 0.00974963
[1750852504] === TRAIN STEP 100 (Model: dLinOSS) ===
[1750852504] Input: sum=1.000000, min=0.000000, max=1.000000
[1750852504] Target: sum=0.963500, min=-0.311650, max=0.429276
[1750852504] E100: Out sum=1.037, range=[-0.036, 0.294], Loss=0.009747
[1750852504] dLinOSS Loss: 0.00974742
[1750852504] Target: sum=0.963500, min=-0.311650, max=0.429276
[1750852505] E101: Out sum=1.001, range=[-0.037, 0.295], Loss=0.009745
[1750852505] dLinOSS Loss: 0.00974547
[1750852505] Target: sum=0.963500, min=-0.311650, max=0.429276
[1750852505] E102: Out sum=0.965, range=[-0.037, 0.295], Loss=0.009744
[1750852505] dLinOSS Loss: 0.00974387
[1750852506] Target: sum=0.963500, min=-0.311650, max=0.429276
[1750852506] E103: Out sum=0.933, range=[-0.038, 0.295], Loss=0.009743
[1750852506] dLinOSS Loss: 0.00974256
[1750852507] Target: sum=0.963500, min=-0.311650, max=0.429276
[1750852507] E104: Out sum=0.908, range=[-0.038, 0.296], Loss=0.009741
[1750852507] dLinOSS Loss: 0.00974144
[1750852507] Target: sum=0.963500, min=-0.311650, max=0.429276
[1750852507] E105: Out sum=0.892, range=[-0.039, 0.296], Loss=0.009740
[1750852507] dLinOSS Loss: 0.00974033
[1750852508] Target: sum=0.963500, min=-0.311650, max=0.429276
[1750852508] E106: Out sum=0.888, range=[-0.039, 0.297], Loss=0.009739
[1750852508] dLinOSS Loss: 0.00973912
[1750852509] Target: sum=0.963500, min=-0.311650, max=0.429276
[1750852509] E107: Out sum=0.893, range=[-0.039, 0.297], Loss=0.009738
[1750852509] dLinOSS Loss: 0.00973778
[1750852509] Target: sum=0.963500, min=-0.311650, max=0.429276
[1750852509] E108: Out sum=0.907, range=[-0.039, 0.298], Loss=0.009736
[1750852509] dLinOSS Loss: 0.00973635
[1750852510] Target: sum=0.963500, min=-0.311650, max=0.429276
[1750852510] E109: Out sum=0.927, range=[-0.039, 0.298], Loss=0.009735
[1750852510] dLinOSS Loss: 0.00973491
[1750852511] === TRAIN STEP 110 (Model: dLinOSS) ===
[1750852511] Input: sum=1.000000, min=0.000000, max=1.000000
[1750852511] Target: sum=0.963500, min=-0.311650, max=0.429276
[1750852511] E110: Out sum=0.951, range=[-0.039, 0.298], Loss=0.009734
[1750852511] dLinOSS Loss: 0.00973356
[1750852511] Target: sum=0.963500, min=-0.311650, max=0.429276
[1750852512] E111: Out sum=0.976, range=[-0.039, 0.299], Loss=0.009732
[1750852512] dLinOSS Loss: 0.00973233
[1750852512] Target: sum=0.963500, min=-0.311650, max=0.429276
[1750852512] E112: Out sum=0.998, range=[-0.038, 0.299], Loss=0.009731
[1750852512] dLinOSS Loss: 0.00973123
[1750852513] Target: sum=0.963500, min=-0.311650, max=0.429276
[1750852513] E113: Out sum=1.016, range=[-0.038, 0.300], Loss=0.009730
[1750852513] dLinOSS Loss: 0.00973020
[1750852513] Target: sum=0.963500, min=-0.311650, max=0.429276
[1750852514] E114: Out sum=1.027, range=[-0.038, 0.300], Loss=0.009729
[1750852514] dLinOSS Loss: 0.00972918
[1750852514] Target: sum=0.963500, min=-0.311650, max=0.429276
[1750852514] E115: Out sum=1.032, range=[-0.038, 0.300], Loss=0.009728
[1750852514] dLinOSS Loss: 0.00972812
[1750852515] Target: sum=0.963500, min=-0.311650, max=0.429276
[1750852515] E116: Out sum=1.030, range=[-0.039, 0.300], Loss=0.009727
[1750852515] dLinOSS Loss: 0.00972699
[1750852515] Target: sum=0.963500, min=-0.311650, max=0.429276
[1750852516] E117: Out sum=1.022, range=[-0.039, 0.301], Loss=0.009726
[1750852516] dLinOSS Loss: 0.00972583
[1750852516] Target: sum=0.963500, min=-0.311650, max=0.429276
[1750852516] E118: Out sum=1.010, range=[-0.039, 0.301], Loss=0.009725
[1750852516] dLinOSS Loss: 0.00972466
[1750852517] Target: sum=0.963500, min=-0.311650, max=0.429276
[1750852517] E119: Out sum=0.995, range=[-0.039, 0.301], Loss=0.009724
[1750852517] dLinOSS Loss: 0.00972353
[1750852518] === TRAIN STEP 120 (Model: dLinOSS) ===
[1750852518] Input: sum=1.000000, min=0.000000, max=1.000000
[1750852518] Target: sum=0.963500, min=-0.311650, max=0.429276
[1750852518] E120: Out sum=0.980, range=[-0.039, 0.301], Loss=0.009722
[1750852518] dLinOSS Loss: 0.00972244
[1750852518] Target: sum=0.963500, min=-0.311650, max=0.429276
[1750852518] E121: Out sum=0.967, range=[-0.040, 0.301], Loss=0.009721
[1750852518] dLinOSS Loss: 0.00972141
[1750852519] Target: sum=0.963500, min=-0.311650, max=0.429276
[1750852519] E122: Out sum=0.957, range=[-0.040, 0.301], Loss=0.009720
[1750852519] dLinOSS Loss: 0.00972040
[1750852520] Target: sum=0.963500, min=-0.311650, max=0.429276
[1750852520] E123: Out sum=0.950, range=[-0.040, 0.301], Loss=0.009719
[1750852520] dLinOSS Loss: 0.00971940
[1750852520] Target: sum=0.963500, min=-0.311650, max=0.429276
[1750852520] E124: Out sum=0.949, range=[-0.040, 0.301], Loss=0.009718
[1750852520] dLinOSS Loss: 0.00971837
[1750852521] Target: sum=0.963500, min=-0.311650, max=0.429276
[1750852521] E125: Out sum=0.951, range=[-0.040, 0.302], Loss=0.009717
[1750852521] dLinOSS Loss: 0.00971732
[1750852522] Target: sum=0.963500, min=-0.311650, max=0.429276
[1750852522] E126: Out sum=0.958, range=[-0.040, 0.302], Loss=0.009716
[1750852522] dLinOSS Loss: 0.00971626
[1750852522] Target: sum=0.963500, min=-0.311650, max=0.429276
[1750852522] E127: Out sum=0.967, range=[-0.040, 0.302], Loss=0.009715
[1750852522] dLinOSS Loss: 0.00971519
[1750852523] Target: sum=0.963500, min=-0.311650, max=0.429276
[1750852523] E128: Out sum=0.977, range=[-0.040, 0.302], Loss=0.009714
[1750852523] dLinOSS Loss: 0.00971415
[1750852524] Target: sum=0.963500, min=-0.311650, max=0.429276
[1750852524] E129: Out sum=0.987, range=[-0.040, 0.302], Loss=0.009713
[1750852524] dLinOSS Loss: 0.00971313
[1750852524] === TRAIN STEP 130 (Model: dLinOSS) ===
[1750852524] Input: sum=1.000000, min=0.000000, max=1.000000
[1750852524] Target: sum=0.963500, min=-0.311650, max=0.429276
[1750852524] E130: Out sum=0.995, range=[-0.040, 0.302], Loss=0.009712
[1750852524] dLinOSS Loss: 0.00971212
[1750852525] Target: sum=0.963500, min=-0.311650, max=0.429276
[1750852525] E131: Out sum=1.002, range=[-0.040, 0.302], Loss=0.009711
[1750852525] dLinOSS Loss: 0.00971113
[1750852526] Target: sum=0.963500, min=-0.311650, max=0.429276
[1750852526] E132: Out sum=1.005, range=[-0.040, 0.302], Loss=0.009710
[1750852526] dLinOSS Loss: 0.00971013
[1750852526] Target: sum=0.963500, min=-0.311650, max=0.429276
[1750852526] E133: Out sum=1.006, range=[-0.040, 0.302], Loss=0.009709
[1750852526] dLinOSS Loss: 0.00970912
[1750852527] Target: sum=0.963500, min=-0.311650, max=0.429276
[1750852527] E134: Out sum=1.003, range=[-0.040, 0.302], Loss=0.009708
[1750852527] dLinOSS Loss: 0.00970810
[1750852528] Target: sum=0.963500, min=-0.311650, max=0.429276
[1750852528] E135: Out sum=0.999, range=[-0.040, 0.302], Loss=0.009707
[1750852528] dLinOSS Loss: 0.00970708
[1750852528] === TRAIN STEP 0 (Model: LinOSS) ===
[1750852528] Input: sum=1.000000, min=0.000000, max=1.000000
[1750852528] Target: sum=0.963500, min=-0.311650, max=0.429276
[1750852529] E0: Out sum=-46.767, range=[-0.714, -0.465], Loss=0.240667
[1750852529] LinOSS Loss: 0.24066713
[1750852530] === TRAIN STEP 0 (Model: LinOSS) ===
[1750852530] Input: sum=1.000000, min=0.000000, max=1.000000
[1750852530] Target: sum=0.963500, min=-0.311650, max=0.429276
[1750852531] E0: Out sum=-34.686, range=[-0.616, -0.344], Loss=0.140051
[1750852531] LinOSS Loss: 0.14005128
[1750852532] === TRAIN STEP 0 (Model: dLinOSS) ===
[1750852532] Input: sum=1.000000, min=0.000000, max=1.000000
[1750852532] Target: sum=0.963500, min=-0.311650, max=0.429276
[1750852532] E0: Out sum=0.993, range=[-0.040, 0.302], Loss=0.009706
[1750852532] dLinOSS Loss: 0.00970606
[1750852533] Target: sum=0.963500, min=-0.311650, max=0.429276
[1750852533] E1: Out sum=0.986, range=[-0.040, 0.302], Loss=0.009705
[1750852533] dLinOSS Loss: 0.00970506
[1750852533] Target: sum=0.963500, min=-0.311650, max=0.429276
[1750852534] E2: Out sum=0.980, range=[-0.040, 0.302], Loss=0.009704
[1750852534] dLinOSS Loss: 0.00970406
[1750852534] Target: sum=0.963500, min=-0.311650, max=0.429276
[1750852534] E3: Out sum=0.975, range=[-0.040, 0.302], Loss=0.009703
[1750852534] dLinOSS Loss: 0.00970306
[1750852535] Target: sum=0.963500, min=-0.311650, max=0.429276
[1750852535] E4: Out sum=0.972, range=[-0.040, 0.302], Loss=0.009702
[1750852535] dLinOSS Loss: 0.00970208
[1750852536] Target: sum=0.963500, min=-0.311650, max=0.429276
[1750852536] E5: Out sum=0.971, range=[-0.040, 0.302], Loss=0.009701
[1750852536] dLinOSS Loss: 0.00970108
[1750852536] Target: sum=0.963500, min=-0.311650, max=0.429276
[1750852536] E6: Out sum=0.971, range=[-0.040, 0.302], Loss=0.009700
[1750852536] dLinOSS Loss: 0.00970009
[1750852537] Target: sum=0.963500, min=-0.311650, max=0.429276
[1750852537] E7: Out sum=0.973, range=[-0.040, 0.301], Loss=0.009699
[1750852537] dLinOSS Loss: 0.00969909
[1750852538] Target: sum=0.963500, min=-0.311650, max=0.429276
[1750852538] E8: Out sum=0.977, range=[-0.040, 0.301], Loss=0.009698
[1750852538] dLinOSS Loss: 0.00969810
[1750852538] Target: sum=0.963500, min=-0.311650, max=0.429276
[1750852539] E9: Out sum=0.981, range=[-0.040, 0.301], Loss=0.009697
[1750852539] dLinOSS Loss: 0.00969711
[1750852539] === TRAIN STEP 10 (Model: dLinOSS) ===
[1750852539] Input: sum=1.000000, min=0.000000, max=1.000000
[1750852539] Target: sum=0.963500, min=-0.311650, max=0.429276
[1750852539] E10: Out sum=0.985, range=[-0.040, 0.301], Loss=0.009696
[1750852539] dLinOSS Loss: 0.00969611
[1750852540] Target: sum=0.963500, min=-0.311650, max=0.429276
[1750852540] E11: Out sum=0.989, range=[-0.040, 0.301], Loss=0.009695
[1750852540] dLinOSS Loss: 0.00969514
[1750852540] Target: sum=0.963500, min=-0.311650, max=0.429276
[1750852541] E12: Out sum=0.991, range=[-0.040, 0.301], Loss=0.009694
[1750852541] dLinOSS Loss: 0.00969416
[1750852541] Target: sum=0.963500, min=-0.311650, max=0.429276
[1750852541] E13: Out sum=0.993, range=[-0.040, 0.301], Loss=0.009693
[1750852541] dLinOSS Loss: 0.00969318
[1750852542] Target: sum=0.963500, min=-0.311650, max=0.429276
[1750852542] E14: Out sum=0.993, range=[-0.040, 0.301], Loss=0.009692
[1750852542] dLinOSS Loss: 0.00969220
[1750852543] Target: sum=0.963500, min=-0.311650, max=0.429276
[1750852543] E15: Out sum=0.992, range=[-0.040, 0.301], Loss=0.009691
[1750852543] dLinOSS Loss: 0.00969122
[1750852543] === TRAIN STEP 0 (Model: LinOSS) ===
[1750852543] Input: sum=1.000000, min=0.000000, max=1.000000
[1750852543] Target: sum=0.963500, min=-0.311650, max=0.429276
[1750852544] E0: Out sum=-22.834, range=[-0.520, -0.225], Loss=0.069716
[1750852544] LinOSS Loss: 0.06971607
[1750852545] === TRAIN STEP 0 (Model: dLinOSS) ===
[1750852545] Input: sum=1.000000, min=0.000000, max=1.000000
[1750852545] Target: sum=0.963500, min=-0.311650, max=0.429276
[1750852545] E0: Out sum=0.989, range=[-0.040, 0.301], Loss=0.009690
[1750852545] dLinOSS Loss: 0.00969024
[1750852546] Target: sum=0.963500, min=-0.311650, max=0.429276
[1750852546] E1: Out sum=0.987, range=[-0.040, 0.301], Loss=0.009689
[1750852546] dLinOSS Loss: 0.00968927
[1750852546] Target: sum=0.963500, min=-0.311650, max=0.429276
[1750852547] E2: Out sum=0.984, range=[-0.040, 0.301], Loss=0.009688
[1750852547] dLinOSS Loss: 0.00968829
[1750852547] Target: sum=0.963500, min=-0.311650, max=0.429276
[1750852547] E3: Out sum=0.981, range=[-0.040, 0.301], Loss=0.009687
[1750852547] dLinOSS Loss: 0.00968732
[1750852548] Target: sum=0.963500, min=-0.311650, max=0.429276
[1750852548] E4: Out sum=0.979, range=[-0.040, 0.301], Loss=0.009686
[1750852548] dLinOSS Loss: 0.00968636
[1750852549] Target: sum=0.963500, min=-0.311650, max=0.429276
[1750852549] E5: Out sum=0.978, range=[-0.040, 0.301], Loss=0.009685
[1750852549] dLinOSS Loss: 0.00968539
[1750852549] Target: sum=0.963500, min=-0.311650, max=0.429276
[1750852549] E6: Out sum=0.977, range=[-0.040, 0.300], Loss=0.009684
[1750852549] dLinOSS Loss: 0.00968443
[1750852550] Target: sum=0.963500, min=-0.311650, max=0.429276
[1750852550] E7: Out sum=0.978, range=[-0.040, 0.300], Loss=0.009683
[1750852550] dLinOSS Loss: 0.00968346
[1750852551] Target: sum=0.963500, min=-0.311650, max=0.429276
[1750852551] E8: Out sum=0.979, range=[-0.040, 0.300], Loss=0.009683
[1750852551] dLinOSS Loss: 0.00968250
[1750852551] Target: sum=0.963500, min=-0.311650, max=0.429276
[1750852551] E9: Out sum=0.981, range=[-0.040, 0.300], Loss=0.009682
[1750852551] dLinOSS Loss: 0.00968154
[1750852552] === TRAIN STEP 10 (Model: dLinOSS) ===
[1750852552] Input: sum=1.000000, min=0.000000, max=1.000000
[1750852552] Target: sum=0.963500, min=-0.311650, max=0.429276
[1750852552] E10: Out sum=0.983, range=[-0.040, 0.300], Loss=0.009681
[1750852552] dLinOSS Loss: 0.00968058
[1750852553] Target: sum=0.963500, min=-0.311650, max=0.429276
[1750852553] E11: Out sum=0.984, range=[-0.040, 0.300], Loss=0.009680
[1750852553] dLinOSS Loss: 0.00967962
[1750852553] Target: sum=0.963500, min=-0.311650, max=0.429276
[1750852553] E12: Out sum=0.986, range=[-0.040, 0.300], Loss=0.009679
[1750852553] dLinOSS Loss: 0.00967867
[1750852554] Target: sum=0.963500, min=-0.311650, max=0.429276
[1750852554] E13: Out sum=0.987, range=[-0.040, 0.300], Loss=0.009678
[1750852554] dLinOSS Loss: 0.00967772
[1750852555] Target: sum=0.963500, min=-0.311650, max=0.429276
[1750852555] E14: Out sum=0.987, range=[-0.040, 0.300], Loss=0.009677
[1750852555] dLinOSS Loss: 0.00967676
[1750852555] Target: sum=0.963500, min=-0.311650, max=0.429276
[1750852556] E15: Out sum=0.986, range=[-0.040, 0.300], Loss=0.009676
[1750852556] dLinOSS Loss: 0.00967581
[1750852556] Target: sum=0.963500, min=-0.311650, max=0.429276
[1750852556] E16: Out sum=0.986, range=[-0.040, 0.300], Loss=0.009675
[1750852556] dLinOSS Loss: 0.00967486
[1750852557] Target: sum=0.963500, min=-0.311650, max=0.429276
[1750852557] E17: Out sum=0.985, range=[-0.040, 0.300], Loss=0.009674
[1750852557] dLinOSS Loss: 0.00967391
[1750852558] Target: sum=0.963500, min=-0.311650, max=0.429276
[1750852558] E18: Out sum=0.983, range=[-0.040, 0.300], Loss=0.009673
[1750852558] dLinOSS Loss: 0.00967297
[1750852558] Target: sum=0.963500, min=-0.311650, max=0.429276
[1750852558] E19: Out sum=0.982, range=[-0.040, 0.300], Loss=0.009672
[1750852558] dLinOSS Loss: 0.00967202
[1750852559] === TRAIN STEP 20 (Model: dLinOSS) ===
[1750852559] Input: sum=1.000000, min=0.000000, max=1.000000
[1750852559] Target: sum=0.963500, min=-0.311650, max=0.429276
[1750852559] E20: Out sum=0.981, range=[-0.040, 0.300], Loss=0.009671
[1750852559] dLinOSS Loss: 0.00967107
[1750852560] Target: sum=0.963500, min=-0.311650, max=0.429276
[1750852560] E21: Out sum=0.980, range=[-0.040, 0.300], Loss=0.009670
[1750852560] dLinOSS Loss: 0.00967013
[1750852560] Target: sum=0.963500, min=-0.311650, max=0.429276
[1750852561] E22: Out sum=0.980, range=[-0.040, 0.299], Loss=0.009669
[1750852561] dLinOSS Loss: 0.00966919
[1750852561] Target: sum=0.963500, min=-0.311650, max=0.429276
[1750852561] E23: Out sum=0.980, range=[-0.040, 0.299], Loss=0.009668
[1750852561] dLinOSS Loss: 0.00966824
[1750852562] Target: sum=0.963500, min=-0.311650, max=0.429276
[1750852562] E24: Out sum=0.981, range=[-0.040, 0.299], Loss=0.009667
[1750852562] dLinOSS Loss: 0.00966730
[1750852562] Target: sum=0.963500, min=-0.311650, max=0.429276
[1750852563] E25: Out sum=0.982, range=[-0.040, 0.299], Loss=0.009666
[1750852563] dLinOSS Loss: 0.00966636
[1750852563] Target: sum=0.963500, min=-0.311650, max=0.429276
[1750852563] E26: Out sum=0.982, range=[-0.040, 0.299], Loss=0.009665
[1750852563] dLinOSS Loss: 0.00966542
[1750852564] Target: sum=0.963500, min=-0.311650, max=0.429276
[1750852564] E27: Out sum=0.983, range=[-0.040, 0.299], Loss=0.009664
[1750852564] dLinOSS Loss: 0.00966448
[1750852564] Target: sum=0.963500, min=-0.311650, max=0.429276
[1750852565] E28: Out sum=0.984, range=[-0.040, 0.299], Loss=0.009664
[1750852565] dLinOSS Loss: 0.00966355
[1750852565] Target: sum=0.963500, min=-0.311650, max=0.429276
[1750852565] E29: Out sum=0.984, range=[-0.040, 0.299], Loss=0.009663
[1750852565] dLinOSS Loss: 0.00966261
[1750852566] === TRAIN STEP 30 (Model: dLinOSS) ===
[1750852566] Input: sum=1.000000, min=0.000000, max=1.000000
[1750852566] Target: sum=0.963500, min=-0.311650, max=0.429276
[1750852566] E30: Out sum=0.984, range=[-0.040, 0.299], Loss=0.009662
[1750852566] dLinOSS Loss: 0.00966167
[1750852566] Target: sum=0.963500, min=-0.311650, max=0.429276
[1750852567] E31: Out sum=0.984, range=[-0.040, 0.299], Loss=0.009661
[1750852567] dLinOSS Loss: 0.00966073
[1750852567] Target: sum=0.963500, min=-0.311650, max=0.429276
[1750852567] E32: Out sum=0.984, range=[-0.040, 0.299], Loss=0.009660
[1750852567] dLinOSS Loss: 0.00965981
[1750852568] Target: sum=0.963500, min=-0.311650, max=0.429276
[1750852568] E33: Out sum=0.983, range=[-0.040, 0.299], Loss=0.009659
[1750852568] dLinOSS Loss: 0.00965887
[1750852568] Target: sum=0.963500, min=-0.311650, max=0.429276
[1750852569] E34: Out sum=0.983, range=[-0.040, 0.299], Loss=0.009658
[1750852569] dLinOSS Loss: 0.00965794
[1750852569] Target: sum=0.963500, min=-0.311650, max=0.429276
[1750852569] E35: Out sum=0.982, range=[-0.040, 0.299], Loss=0.009657
[1750852569] dLinOSS Loss: 0.00965701
[1750852570] Target: sum=0.963500, min=-0.311650, max=0.429276
[1750852570] E36: Out sum=0.982, range=[-0.040, 0.299], Loss=0.009656
[1750852570] dLinOSS Loss: 0.00965607
[1750852570] Target: sum=0.963500, min=-0.311650, max=0.429276
[1750852570] E37: Out sum=0.982, range=[-0.040, 0.299], Loss=0.009655
[1750852570] dLinOSS Loss: 0.00965515
[1750852571] Target: sum=0.963500, min=-0.311650, max=0.429276
[1750852571] E38: Out sum=0.982, range=[-0.040, 0.299], Loss=0.009654
[1750852571] dLinOSS Loss: 0.00965422
[1750852572] Target: sum=0.963500, min=-0.311650, max=0.429276
[1750852572] E39: Out sum=0.982, range=[-0.040, 0.299], Loss=0.009653
[1750852572] dLinOSS Loss: 0.00965329
[1750852572] === TRAIN STEP 40 (Model: dLinOSS) ===
[1750852572] Input: sum=1.000000, min=0.000000, max=1.000000
[1750852572] Target: sum=0.963500, min=-0.311650, max=0.429276
[1750852573] E40: Out sum=0.982, range=[-0.040, 0.299], Loss=0.009652
[1750852573] dLinOSS Loss: 0.00965236
[1750852573] Target: sum=0.963500, min=-0.311650, max=0.429276
[1750852573] E41: Out sum=0.982, range=[-0.040, 0.299], Loss=0.009651
[1750852573] dLinOSS Loss: 0.00965143
[1750852574] Target: sum=0.963500, min=-0.311650, max=0.429276
[1750852574] E42: Out sum=0.983, range=[-0.040, 0.298], Loss=0.009651
[1750852574] dLinOSS Loss: 0.00965051
[1750852574] Target: sum=0.963500, min=-0.311650, max=0.429276
[1750852575] E43: Out sum=0.983, range=[-0.040, 0.298], Loss=0.009650
[1750852575] dLinOSS Loss: 0.00964958
[1750852575] Target: sum=0.963500, min=-0.311650, max=0.429276
[1750852575] E44: Out sum=0.983, range=[-0.040, 0.298], Loss=0.009649
[1750852575] dLinOSS Loss: 0.00964865
[1750852576] Target: sum=0.963500, min=-0.311650, max=0.429276
[1750852576] E45: Out sum=0.984, range=[-0.040, 0.298], Loss=0.009648
[1750852576] dLinOSS Loss: 0.00964772
[1750852576] Target: sum=0.963500, min=-0.311650, max=0.429276
[1750852577] E46: Out sum=0.984, range=[-0.040, 0.298], Loss=0.009647
[1750852577] dLinOSS Loss: 0.00964681
[1750852577] Target: sum=0.963500, min=-0.311650, max=0.429276
[1750852577] E47: Out sum=0.984, range=[-0.040, 0.298], Loss=0.009646
[1750852577] dLinOSS Loss: 0.00964588
[1750852578] Target: sum=0.963500, min=-0.311650, max=0.429276
[1750852578] E48: Out sum=0.983, range=[-0.040, 0.298], Loss=0.009645
[1750852578] dLinOSS Loss: 0.00964495
[1750852579] Target: sum=0.963500, min=-0.311650, max=0.429276
[1750852579] E49: Out sum=0.983, range=[-0.040, 0.298], Loss=0.009644
[1750852579] dLinOSS Loss: 0.00964404
[1750852579] === TRAIN STEP 50 (Model: dLinOSS) ===
[1750852579] Input: sum=1.000000, min=0.000000, max=1.000000
[1750852579] Target: sum=0.963500, min=-0.311650, max=0.429276
[1750852579] E50: Out sum=0.983, range=[-0.040, 0.298], Loss=0.009643
[1750852579] dLinOSS Loss: 0.00964311
[1750852580] Target: sum=0.963500, min=-0.311650, max=0.429276
[1750852580] E51: Out sum=0.983, range=[-0.040, 0.298], Loss=0.009642
[1750852580] dLinOSS Loss: 0.00964218
[1750852581] Target: sum=0.963500, min=-0.311650, max=0.429276
[1750852581] E52: Out sum=0.983, range=[-0.040, 0.298], Loss=0.009641
[1750852581] dLinOSS Loss: 0.00964126
[1750852581] Target: sum=0.963500, min=-0.311650, max=0.429276
[1750852581] E53: Out sum=0.983, range=[-0.040, 0.298], Loss=0.009640
[1750852581] dLinOSS Loss: 0.00964035
[1750852582] Target: sum=0.963500, min=-0.311650, max=0.429276
[1750852582] E54: Out sum=0.983, range=[-0.040, 0.298], Loss=0.009639
[1750852582] dLinOSS Loss: 0.00963942
[1750852582] Target: sum=0.963500, min=-0.311650, max=0.429276
[1750852583] E55: Out sum=0.983, range=[-0.040, 0.298], Loss=0.009638
[1750852583] dLinOSS Loss: 0.00963850
[1750852583] Target: sum=0.963500, min=-0.311650, max=0.429276
[1750852583] E56: Out sum=0.983, range=[-0.040, 0.298], Loss=0.009638
[1750852583] dLinOSS Loss: 0.00963758
[1750852584] Target: sum=0.963500, min=-0.311650, max=0.429276
[1750852584] E57: Out sum=0.983, range=[-0.040, 0.298], Loss=0.009637
[1750852584] dLinOSS Loss: 0.00963666
[1750852584] Target: sum=0.963500, min=-0.311650, max=0.429276
[1750852584] E58: Out sum=0.983, range=[-0.040, 0.298], Loss=0.009636
[1750852584] dLinOSS Loss: 0.00963574
[1750852585] Target: sum=0.963500, min=-0.311650, max=0.429276
[1750852585] E59: Out sum=0.983, range=[-0.040, 0.298], Loss=0.009635
[1750852585] dLinOSS Loss: 0.00963482
[1750852586] === TRAIN STEP 60 (Model: dLinOSS) ===
[1750852586] Input: sum=1.000000, min=0.000000, max=1.000000
[1750852586] Target: sum=0.963500, min=-0.311650, max=0.429276
[1750852586] E60: Out sum=0.983, range=[-0.040, 0.298], Loss=0.009634
[1750852586] dLinOSS Loss: 0.00963390
[1750852586] Target: sum=0.963500, min=-0.311650, max=0.429276
[1750852586] E61: Out sum=0.983, range=[-0.040, 0.298], Loss=0.009633
[1750852586] dLinOSS Loss: 0.00963298
[1750852587] Target: sum=0.963500, min=-0.311650, max=0.429276
[1750852587] E62: Out sum=0.983, range=[-0.040, 0.298], Loss=0.009632
[1750852587] dLinOSS Loss: 0.00963206
[1750852588] Target: sum=0.963500, min=-0.311650, max=0.429276
[1750852588] E63: Out sum=0.983, range=[-0.040, 0.297], Loss=0.009631
[1750852588] dLinOSS Loss: 0.00963115
[1750852588] Target: sum=0.963500, min=-0.311650, max=0.429276
[1750852588] E64: Out sum=0.983, range=[-0.040, 0.297], Loss=0.009630
[1750852588] dLinOSS Loss: 0.00963023
[1750852589] Target: sum=0.963500, min=-0.311650, max=0.429276
[1750852589] E65: Out sum=0.983, range=[-0.040, 0.297], Loss=0.009629
[1750852589] dLinOSS Loss: 0.00962931
[1750852590] Target: sum=0.963500, min=-0.311650, max=0.429276
[1750852590] E66: Out sum=0.983, range=[-0.040, 0.297], Loss=0.009628
[1750852590] dLinOSS Loss: 0.00962839
[1750852590] Target: sum=0.963500, min=-0.311650, max=0.429276
[1750852590] E67: Out sum=0.983, range=[-0.040, 0.297], Loss=0.009627
[1750852590] dLinOSS Loss: 0.00962747
[1750852591] Target: sum=0.963500, min=-0.311650, max=0.429276
[1750852591] E68: Out sum=0.983, range=[-0.040, 0.297], Loss=0.009627
[1750852591] dLinOSS Loss: 0.00962656
[1750852592] Target: sum=0.963500, min=-0.311650, max=0.429276
[1750852592] E69: Out sum=0.983, range=[-0.040, 0.297], Loss=0.009626
[1750852592] dLinOSS Loss: 0.00962564
[1750852592] === TRAIN STEP 70 (Model: dLinOSS) ===
[1750852592] Input: sum=1.000000, min=0.000000, max=1.000000
[1750852592] Target: sum=0.963500, min=-0.311650, max=0.429276
[1750852592] E70: Out sum=0.983, range=[-0.040, 0.297], Loss=0.009625
[1750852592] dLinOSS Loss: 0.00962473
[1750852593] Target: sum=0.963500, min=-0.311650, max=0.429276
[1750852593] E71: Out sum=0.983, range=[-0.040, 0.297], Loss=0.009624
[1750852593] dLinOSS Loss: 0.00962381
[1750852594] Target: sum=0.963500, min=-0.311650, max=0.429276
[1750852594] E72: Out sum=0.983, range=[-0.040, 0.297], Loss=0.009623
[1750852594] dLinOSS Loss: 0.00962289
[1750852594] Target: sum=0.963500, min=-0.311650, max=0.429276
[1750852595] E73: Out sum=0.983, range=[-0.040, 0.297], Loss=0.009622
[1750852595] dLinOSS Loss: 0.00962197
[1750852595] Target: sum=0.963500, min=-0.311650, max=0.429276
[1750852595] E74: Out sum=0.983, range=[-0.040, 0.297], Loss=0.009621
[1750852595] dLinOSS Loss: 0.00962105
[1750852596] Target: sum=0.963500, min=-0.311650, max=0.429276
[1750852596] E75: Out sum=0.983, range=[-0.040, 0.297], Loss=0.009620
[1750852596] dLinOSS Loss: 0.00962014
[1750852597] Target: sum=0.963500, min=-0.311650, max=0.429276
[1750852597] E76: Out sum=0.983, range=[-0.040, 0.297], Loss=0.009619
[1750852597] dLinOSS Loss: 0.00961922
[1750852597] Target: sum=0.963500, min=-0.311650, max=0.429276
[1750852598] E77: Out sum=0.983, range=[-0.040, 0.297], Loss=0.009618
[1750852598] dLinOSS Loss: 0.00961831
[1750852598] Target: sum=0.963500, min=-0.311650, max=0.429276
[1750852598] E78: Out sum=0.983, range=[-0.040, 0.297], Loss=0.009617
[1750852598] dLinOSS Loss: 0.00961739
[1750852599] Target: sum=0.963500, min=-0.311650, max=0.429276
[1750852599] E79: Out sum=0.983, range=[-0.040, 0.297], Loss=0.009616
[1750852599] dLinOSS Loss: 0.00961648
[1750852599] === TRAIN STEP 80 (Model: dLinOSS) ===
[1750852599] Input: sum=1.000000, min=0.000000, max=1.000000
[1750852599] Target: sum=0.963500, min=-0.311650, max=0.429276
[1750852600] E80: Out sum=0.983, range=[-0.040, 0.297], Loss=0.009616
[1750852600] dLinOSS Loss: 0.00961556
[1750852600] Target: sum=0.963500, min=-0.311650, max=0.429276
[1750852600] E81: Out sum=0.983, range=[-0.040, 0.297], Loss=0.009615
[1750852600] dLinOSS Loss: 0.00961464
[1750852601] Target: sum=0.963500, min=-0.311650, max=0.429276
[1750852601] E82: Out sum=0.983, range=[-0.040, 0.296], Loss=0.009614
[1750852601] dLinOSS Loss: 0.00961373
[1750852601] Target: sum=0.963500, min=-0.311650, max=0.429276
[1750852602] E83: Out sum=0.983, range=[-0.040, 0.296], Loss=0.009613
[1750852602] dLinOSS Loss: 0.00961281
[1750852602] Target: sum=0.963500, min=-0.311650, max=0.429276
[1750852602] E84: Out sum=0.983, range=[-0.040, 0.296], Loss=0.009612
[1750852602] dLinOSS Loss: 0.00961189
[1750852603] Target: sum=0.963500, min=-0.311650, max=0.429276
[1750852603] E85: Out sum=0.983, range=[-0.040, 0.296], Loss=0.009611
[1750852603] dLinOSS Loss: 0.00961097
[1750852604] Target: sum=0.963500, min=-0.311650, max=0.429276
[1750852604] E86: Out sum=0.983, range=[-0.040, 0.296], Loss=0.009610
[1750852604] dLinOSS Loss: 0.00961006
[1750852604] Target: sum=0.963500, min=-0.311650, max=0.429276
[1750852604] E87: Out sum=0.983, range=[-0.040, 0.296], Loss=0.009609
[1750852604] dLinOSS Loss: 0.00960914
[1750852605] Target: sum=0.963500, min=-0.311650, max=0.429276
[1750852605] E88: Out sum=0.984, range=[-0.040, 0.296], Loss=0.009608
[1750852605] dLinOSS Loss: 0.00960823
[1750852606] Target: sum=0.963500, min=-0.311650, max=0.429276
[1750852606] E89: Out sum=0.984, range=[-0.040, 0.296], Loss=0.009607
[1750852606] dLinOSS Loss: 0.00960731
[1750852606] === TRAIN STEP 90 (Model: dLinOSS) ===
[1750852606] Input: sum=1.000000, min=0.000000, max=1.000000
[1750852606] Target: sum=0.963500, min=-0.311650, max=0.429276
[1750852607] E90: Out sum=0.984, range=[-0.040, 0.296], Loss=0.009606
[1750852607] dLinOSS Loss: 0.00960639
[1750852607] Target: sum=0.963500, min=-0.311650, max=0.429276
[1750852607] E91: Out sum=0.984, range=[-0.040, 0.296], Loss=0.009605
[1750852607] dLinOSS Loss: 0.00960548
[1750852608] Target: sum=0.963500, min=-0.311650, max=0.429276
[1750852608] E92: Out sum=0.984, range=[-0.040, 0.296], Loss=0.009605
[1750852608] dLinOSS Loss: 0.00960456
[1750852608] Target: sum=0.963500, min=-0.311650, max=0.429276
[1750852609] E93: Out sum=0.984, range=[-0.040, 0.296], Loss=0.009604
[1750852609] dLinOSS Loss: 0.00960364
[1750852609] Target: sum=0.963500, min=-0.311650, max=0.429276
[1750852609] E94: Out sum=0.984, range=[-0.040, 0.296], Loss=0.009603
[1750852609] dLinOSS Loss: 0.00960273
[1750852610] Target: sum=0.963500, min=-0.311650, max=0.429276
[1750852610] E95: Out sum=0.984, range=[-0.040, 0.296], Loss=0.009602
[1750852610] dLinOSS Loss: 0.00960181
[1750852611] Target: sum=0.963500, min=-0.311650, max=0.429276
[1750852611] E96: Out sum=0.984, range=[-0.040, 0.296], Loss=0.009601
[1750852611] dLinOSS Loss: 0.00960089
[1750852611] Target: sum=0.963500, min=-0.311650, max=0.429276
[1750852612] E97: Out sum=0.984, range=[-0.040, 0.296], Loss=0.009600
[1750852612] dLinOSS Loss: 0.00959997
[1750852612] Target: sum=0.963500, min=-0.311650, max=0.429276
[1750852612] E98: Out sum=0.984, range=[-0.040, 0.296], Loss=0.009599
[1750852612] dLinOSS Loss: 0.00959906
[1750852613] Target: sum=0.963500, min=-0.311650, max=0.429276
[1750852613] E99: Out sum=0.984, range=[-0.040, 0.296], Loss=0.009598
[1750852613] dLinOSS Loss: 0.00959814
[1750852613] === TRAIN STEP 100 (Model: dLinOSS) ===
[1750852613] Input: sum=1.000000, min=0.000000, max=1.000000
[1750852613] Target: sum=0.963500, min=-0.311650, max=0.429276
[1750852614] E100: Out sum=0.984, range=[-0.040, 0.295], Loss=0.009597
[1750852614] dLinOSS Loss: 0.00959722
[1750852614] Target: sum=0.963500, min=-0.311650, max=0.429276
[1750852614] E101: Out sum=0.984, range=[-0.040, 0.295], Loss=0.009596
[1750852614] dLinOSS Loss: 0.00959631
[1750852615] Target: sum=0.963500, min=-0.311650, max=0.429276
[1750852615] E102: Out sum=0.984, range=[-0.040, 0.295], Loss=0.009595
[1750852615] dLinOSS Loss: 0.00959538
[1750852616] Target: sum=0.963500, min=-0.311650, max=0.429276
[1750852616] E103: Out sum=0.984, range=[-0.040, 0.295], Loss=0.009594
[1750852616] dLinOSS Loss: 0.00959446
[1750852616] Target: sum=0.963500, min=-0.311650, max=0.429276
[1750852616] E104: Out sum=0.984, range=[-0.040, 0.295], Loss=0.009594
[1750852616] dLinOSS Loss: 0.00959355
[1750852617] Target: sum=0.963500, min=-0.311650, max=0.429276
[1750852617] E105: Out sum=0.984, range=[-0.040, 0.295], Loss=0.009593
[1750852617] dLinOSS Loss: 0.00959263
[1750852618] Target: sum=0.963500, min=-0.311650, max=0.429276
[1750852618] E106: Out sum=0.984, range=[-0.040, 0.295], Loss=0.009592
[1750852618] dLinOSS Loss: 0.00959171
[1750852618] Target: sum=0.963500, min=-0.311650, max=0.429276
[1750852619] E107: Out sum=0.984, range=[-0.041, 0.295], Loss=0.009591
[1750852619] dLinOSS Loss: 0.00959079
[1750852619] Target: sum=0.963500, min=-0.311650, max=0.429276
[1750852619] E108: Out sum=0.984, range=[-0.041, 0.295], Loss=0.009590
[1750852619] dLinOSS Loss: 0.00958987
[1750852620] Target: sum=0.963500, min=-0.311650, max=0.429276
[1750852620] E109: Out sum=0.984, range=[-0.041, 0.295], Loss=0.009589
[1750852620] dLinOSS Loss: 0.00958895
[1750852621] === TRAIN STEP 110 (Model: dLinOSS) ===
[1750852621] Input: sum=1.000000, min=0.000000, max=1.000000
[1750852621] Target: sum=0.963500, min=-0.311650, max=0.429276
[1750852621] E110: Out sum=0.984, range=[-0.041, 0.295], Loss=0.009588
[1750852621] dLinOSS Loss: 0.00958803
[1750852621] Target: sum=0.963500, min=-0.311650, max=0.429276
[1750852621] E111: Out sum=0.984, range=[-0.041, 0.295], Loss=0.009587
[1750852621] dLinOSS Loss: 0.00958711
[1750852622] Target: sum=0.963500, min=-0.311650, max=0.429276
[1750852622] E112: Out sum=0.984, range=[-0.041, 0.295], Loss=0.009586
[1750852622] dLinOSS Loss: 0.00958619
[1750852623] Target: sum=0.963500, min=-0.311650, max=0.429276
[1750852623] E113: Out sum=0.984, range=[-0.041, 0.295], Loss=0.009585
[1750852623] dLinOSS Loss: 0.00958527
[1750852623] Target: sum=0.963500, min=-0.311650, max=0.429276
[1750852624] E114: Out sum=0.984, range=[-0.041, 0.295], Loss=0.009584
[1750852624] dLinOSS Loss: 0.00958435
[1750852624] Target: sum=0.963500, min=-0.311650, max=0.429276
[1750852624] E115: Out sum=0.984, range=[-0.041, 0.295], Loss=0.009583
[1750852624] dLinOSS Loss: 0.00958343
[1750852625] Target: sum=0.963500, min=-0.311650, max=0.429276
[1750852625] E116: Out sum=0.984, range=[-0.041, 0.295], Loss=0.009583
[1750852625] dLinOSS Loss: 0.00958250
[1750852625] Target: sum=0.963500, min=-0.311650, max=0.429276
[1750852626] E117: Out sum=0.984, range=[-0.041, 0.294], Loss=0.009582
[1750852626] dLinOSS Loss: 0.00958159
[1750852626] Target: sum=0.963500, min=-0.311650, max=0.429276
[1750852626] E118: Out sum=0.984, range=[-0.041, 0.294], Loss=0.009581
[1750852626] dLinOSS Loss: 0.00958066
[1750852627] Target: sum=0.963500, min=-0.311650, max=0.429276
[1750852627] E119: Out sum=0.984, range=[-0.041, 0.294], Loss=0.009580
[1750852627] dLinOSS Loss: 0.00957974
[1750852628] === TRAIN STEP 120 (Model: dLinOSS) ===
[1750852628] Input: sum=1.000000, min=0.000000, max=1.000000
[1750852628] Target: sum=0.963500, min=-0.311650, max=0.429276
[1750852628] E120: Out sum=0.984, range=[-0.041, 0.294], Loss=0.009579
[1750852628] dLinOSS Loss: 0.00957881
[1750852628] Target: sum=0.963500, min=-0.311650, max=0.429276
[1750852628] E121: Out sum=0.984, range=[-0.041, 0.294], Loss=0.009578
[1750852628] dLinOSS Loss: 0.00957789
[1750852629] Target: sum=0.963500, min=-0.311650, max=0.429276
[1750852629] E122: Out sum=0.984, range=[-0.041, 0.294], Loss=0.009577
[1750852629] dLinOSS Loss: 0.00957697
[1750852630] Target: sum=0.963500, min=-0.311650, max=0.429276
[1750852630] E123: Out sum=0.984, range=[-0.041, 0.294], Loss=0.009576
[1750852630] dLinOSS Loss: 0.00957605
[1750852630] Target: sum=0.963500, min=-0.311650, max=0.429276
[1750852630] E124: Out sum=0.984, range=[-0.041, 0.294], Loss=0.009575
[1750852630] dLinOSS Loss: 0.00957512
